This file contains any messages produced by compilers while
running configure, to aid debugging if configure makes a mistake.

It was created by configure, which was
generated by GNU Autoconf 2.69.  Invocation command line was

  $ ./configure 

## --------- ##
## Platform. ##
## --------- ##

hostname = pomiot
uname -m = x86_64
uname -r = 4.7.0-pf1-mgorny-amd64+
uname -s = Linux
uname -v = #2 SMP Sat Aug 6 11:08:21 CEST 2016

/usr/bin/uname -p = AMD Athlon(tm) 64 X2 Dual Core Processor 3800+
/bin/uname -X     = unknown

/bin/arch              = unknown
/usr/bin/arch -k       = unknown
/usr/convex/getsysinfo = unknown
/usr/bin/hostinfo      = unknown
/bin/machine           = unknown
/usr/bin/oslevel       = unknown
/bin/universe          = unknown

PATH: ~/sbin
PATH: ~/bin
PATH: /usr/local/sbin
PATH: /usr/local/bin
PATH: /usr/sbin
PATH: /usr/bin
PATH: /sbin
PATH: /bin
PATH: /opt/bin
PATH: /usr/x86_64-pc-linux-gnu/gcc-bin/5.4.0
PATH: /usr/i686-pc-linux-gnu/gcc-bin/4.9.2
PATH: /opt/ekopath/bin
PATH: /opt/bin
PATH: /usr/x86_64-pc-linux-gnu/gcc-bin/5.4.0
PATH: /usr/i686-pc-linux-gnu/gcc-bin/4.9.2
PATH: /usr/lib/python-exec/python3.3
PATH: /usr/lib/python-exec/python3.2
PATH: /usr/lib/python-exec/python2.7
PATH: /usr/lib/python-exec/python2.6
PATH: /usr/lib/python-exec/pypy2.0
PATH: /usr/games/bin
PATH: /opt/ekopath/bin


## ----------- ##
## Core tests. ##
## ----------- ##

configure:1570: loading site script /usr/local/share/config.site
| # This file is a shell script that caches the results of configure
| # tests run on this system so they can be shared between configure
| # scripts and configure runs, see configure's option --config-cache.
| # It is not useful on other systems.  If it contains results you don't
| # want to keep, you may remove or edit it.
| #
| # config.status only pays attention to the cache file if you give it
| # the --recheck option to rerun configure.
| #
| # `ac_cv_env_foo' variables (set or unset) will be overridden when
| # loading this file, other *unset* `ac_cv_foo' will be assigned the
| # following values.
| 
| ac_cv_header_dlfcn_h=${ac_cv_header_dlfcn_h=yes}
| ac_cv_header_inttypes_h=${ac_cv_header_inttypes_h=yes}
| ac_cv_header_memory_h=${ac_cv_header_memory_h=yes}
| ac_cv_header_stdc=${ac_cv_header_stdc=yes}
| ac_cv_header_stdint_h=${ac_cv_header_stdint_h=yes}
| ac_cv_header_stdlib_h=${ac_cv_header_stdlib_h=yes}
| ac_cv_header_string_h=${ac_cv_header_string_h=yes}
| ac_cv_header_strings_h=${ac_cv_header_strings_h=yes}
| ac_cv_header_sys_stat_h=${ac_cv_header_sys_stat_h=yes}
| ac_cv_header_sys_types_h=${ac_cv_header_sys_types_h=yes}
| ac_cv_header_unistd_h=${ac_cv_header_unistd_h=yes}
| ac_cv_path_EGREP=${ac_cv_path_EGREP='/bin/grep -E'}
| ac_cv_path_FGREP=${ac_cv_path_FGREP='/bin/grep -F'}
| ac_cv_path_GREP=${ac_cv_path_GREP=/bin/grep}
| ac_cv_path_SED=${ac_cv_path_SED=/bin/sed}
| ac_cv_path_install=${ac_cv_path_install='/usr/bin/install -c'}
| ac_cv_path_mkdir=${ac_cv_path_mkdir=/bin/mkdir}
| ac_cv_prog_AWK=${ac_cv_prog_AWK=gawk}
| ac_cv_prog_make_make_set=${ac_cv_prog_make_make_set=yes}
| lt_cv_file_magic_cmd=${lt_cv_file_magic_cmd='$MAGIC_CMD'}
| lt_cv_file_magic_test_file=${lt_cv_file_magic_test_file=}
| lt_cv_sharedlib_from_linklib_cmd=${lt_cv_sharedlib_from_linklib_cmd='printf %s\n'}
| lt_cv_sys_max_cmd_len=${lt_cv_sys_max_cmd_len=1572864}
configure:1676: checking for perl
configure:1694: found /usr/bin/perl
configure:1706: result: /usr/bin/perl
configure:1895: creating ./config.status

## ---------------------- ##
## Running config.status. ##
## ---------------------- ##

This file was extended by config.status, which was
generated by GNU Autoconf 2.69.  Invocation command line was

  CONFIG_FILES    = 
  CONFIG_HEADERS  = 
  CONFIG_LINKS    = 
  CONFIG_COMMANDS = 
  $ ./config.status 

on pomiot

config.status:745: creating checkbuilds
config.status:745: creating getcoverage
config.status:745: creating genstates
config.status:745: creating clmake
config.status:745: creating f77tof90
config.status:745: creating extractstrings
config.status:745: creating extractcvars
config.status:745: creating extractstates
config.status:745: creating extractfixme
config.status:745: creating createcoverage
config.status:745: creating gcovmerge
config.status:745: creating createhtmlindex
config.status:745: creating cvardirs
config.status:906: executing default-1 commands

## ---------------- ##
## Cache variables. ##
## ---------------- ##

ac_cv_env_build_alias_set=
ac_cv_env_build_alias_value=
ac_cv_env_host_alias_set=
ac_cv_env_host_alias_value=
ac_cv_env_target_alias_set=
ac_cv_env_target_alias_value=
ac_cv_header_dlfcn_h=yes
ac_cv_header_inttypes_h=yes
ac_cv_header_memory_h=yes
ac_cv_header_stdc=yes
ac_cv_header_stdint_h=yes
ac_cv_header_stdlib_h=yes
ac_cv_header_string_h=yes
ac_cv_header_strings_h=yes
ac_cv_header_sys_stat_h=yes
ac_cv_header_sys_types_h=yes
ac_cv_header_unistd_h=yes
ac_cv_path_EGREP='/bin/grep -E'
ac_cv_path_FGREP='/bin/grep -F'
ac_cv_path_GREP=/bin/grep
ac_cv_path_PERL=/usr/bin/perl
ac_cv_path_SED=/bin/sed
ac_cv_path_install='/usr/bin/install -c'
ac_cv_path_mkdir=/bin/mkdir
ac_cv_prog_AWK=gawk
ac_cv_prog_make_make_set=yes
lt_cv_file_magic_cmd='$MAGIC_CMD'
lt_cv_file_magic_test_file=
lt_cv_sharedlib_from_linklib_cmd='printf %s\n'
lt_cv_sys_max_cmd_len=1572864

## ----------------- ##
## Output variables. ##
## ----------------- ##


# a byproduct of running ./maint/updatefiles using maint/Version.base.m4 as
# all times w.r.t. the version.m4 file.
# input.  The real version info is contained in maint/version.m4 instead.  It is
# intentionally not managed by the makefile system and may not be up to date at
DEFS='-DPACKAGE_NAME=\"\" -DPACKAGE_TARNAME=\"\" -DPACKAGE_VERSION=\"\" -DPACKAGE_STRING=\"\" -DPACKAGE_BUGREPORT=\"\" -DPACKAGE_URL=\"\"'
ECHO_C=''
ECHO_N='-n'
ECHO_T=''
LIBOBJS=''
LIBS=''
LTLIBOBJS=''
MPICH_VERSION=3.2
PACKAGE_BUGREPORT=''
PACKAGE_NAME=''
PACKAGE_STRING=''
PACKAGE_TARNAME=''
PACKAGE_URL=''
PACKAGE_VERSION=''
PATH_SEPARATOR=':'
PERL='/usr/bin/perl'
SHELL='/bin/sh'
VERSION='# This shell script is no longer the canonical version number script, but rather
XARGS_NODATA_OPT='-r'
abs_mpichsrcdir='/usr/src/enzo/mpich'
bindir='${exec_prefix}/bin'
build_alias=''
datadir='${datarootdir}'
datarootdir='${prefix}/share'
docdir='${datarootdir}/doc/${PACKAGE}'
dvidir='${docdir}'
exec_prefix='${prefix}'
export MPICH_VERSION'
host_alias=''
htmldir='${docdir}'
includedir='${prefix}/include'
infodir='${datarootdir}/info'
libdir='${exec_prefix}/lib'
libexecdir='${exec_prefix}/libexec'
localedir='${datarootdir}/locale'
localstatedir='${prefix}/var'
mandir='${datarootdir}/man'
oldincludedir='/usr/include'
pdfdir='${docdir}'
prefix='/usr/local'
program_transform_name='s,x,x,'
psdir='${docdir}'
sbindir='${exec_prefix}/sbin'
sharedstatedir='${prefix}/com'
sysconfdir='${prefix}/etc'
target_alias=''

## ----------- ##
## confdefs.h. ##
## ----------- ##

/* confdefs.h */
#define PACKAGE_NAME ""
#define PACKAGE_TARNAME ""
#define PACKAGE_VERSION ""
#define PACKAGE_STRING ""
#define PACKAGE_BUGREPORT ""
#define PACKAGE_URL ""

configure: exit 0
